<?xml version="1.0" encoding="UTF-8"?>
<!-- Generated by org.testng.reporters.JUnitReportReporter -->
<testsuite hostname="Nitins-MacBook-Pro.local" failures="0" tests="5" name="com.salesforce.runner.TestRunner" time="32.451" errors="0" timestamp="2024-02-25T14:03:00 PST" skipped="0">
  <testcase classname="com.salesforce.runner.TestRunner" name="runScenario" time="10.566"/>
  <system-out/>
  <testcase classname="com.salesforce.runner.TestRunner" name="runScenario" time="5.744"/>
  <system-out/>
  <testcase classname="com.salesforce.runner.TestRunner" name="runScenario" time="3.543"/>
  <system-out/>
  <testcase classname="com.salesforce.runner.TestRunner" name="runScenario" time="3.222"/>
  <system-out/>
  <testcase classname="com.salesforce.runner.TestRunner" name="runScenario" time="9.376"/>
  <system-out/>
</testsuite> <!-- com.salesforce.runner.TestRunner -->
